"../../../Engine/Content/EditorResources/S_Actor.ubulk" 0
"../../../Engine/Content/EditorResources/S_Actor.uasset" 1
"../../../Engine/Content/EditorResources/S_Actor.uexp" 2
"../../../Engine/Content/EditorResources/S_BoxReflectionCapture.uasset" 3
"../../../Engine/Content/EditorResources/S_BoxReflectionCapture.uexp" 4
"../../../Engine/Content/EngineResources/DefaultTexture.ubulk" 5
"../../../Engine/Content/EngineResources/DefaultTexture.uasset" 6
"../../../Engine/Content/EngineResources/DefaultTexture.uexp" 7
"../../../Engine/Content/EngineResources/DefaultTextureCube.uasset" 8
"../../../Engine/Content/EngineResources/DefaultTextureCube.uexp" 9
"../../../Engine/Content/EngineResources/DefaultVolumeTexture2D.uasset" 10
"../../../Engine/Content/EngineResources/DefaultVolumeTexture2D.uexp" 11
"../../../Engine/Content/EngineResources/DefaultVolumeTexture.uasset" 12
"../../../Engine/Content/EngineResources/DefaultVolumeTexture.uexp" 13
"../../../Engine/Content/EditorResources/S_Trigger.ubulk" 14
"../../../Engine/Content/EditorResources/S_Trigger.uasset" 15
"../../../Engine/Content/EditorResources/S_Trigger.uexp" 16
"../../../Engine/Content/EditorResources/S_TriggerBox.uasset" 17
"../../../Engine/Content/EditorResources/S_TriggerBox.uexp" 18
"../../../Engine/Content/EditorResources/S_TriggerCapsule.uasset" 19
"../../../Engine/Content/EditorResources/S_TriggerCapsule.uexp" 20
"../../../Engine/Content/EditorResources/S_TriggerSphere.uasset" 21
"../../../Engine/Content/EditorResources/S_TriggerSphere.uexp" 22
"../../../Engine/Content/EngineMeshes/Sphere.ubulk" 23
"../../../Engine/Content/EngineMeshes/Sphere.uasset" 24
"../../../Engine/Content/EngineMeshes/Sphere.uexp" 25
"../../../Engine/Content/EngineResources/GradientTexture0.uasset" 26
"../../../Engine/Content/EngineResources/GradientTexture0.uexp" 27
"../../../Engine/Content/EngineResources/Black.uasset" 28
"../../../Engine/Content/EngineResources/Black.uexp" 29
"../../../Engine/Content/VREditor/LaserPointer/VR_LaserPower_01.ubulk" 30
"../../../Engine/Content/VREditor/LaserPointer/VR_LaserPower_01.uasset" 31
"../../../Engine/Content/VREditor/LaserPointer/VR_LaserPower_01.uexp" 32
"../../../Engine/Content/VREditor/TransformGizmo/TransformGizmoMaterial.uasset" 33
"../../../Engine/Content/VREditor/TransformGizmo/TransformGizmoMaterial.uexp" 34
"../../../Engine/Content/VREditor/TransformGizmo/TranslucentTransformGizmoMaterial.uasset" 35
"../../../Engine/Content/VREditor/TransformGizmo/TranslucentTransformGizmoMaterial.uexp" 36
"../../../Engine/Content/VREditor/TransformGizmo/PlaneTranslationHandle.ubulk" 37
"../../../Engine/Content/VREditor/TransformGizmo/PlaneTranslationHandle.uasset" 38
"../../../Engine/Content/VREditor/TransformGizmo/PlaneTranslationHandle.uexp" 39
"../../../Engine/Content/VREditor/TransformGizmo/BoundingBoxCorner.ubulk" 40
"../../../Engine/Content/VREditor/TransformGizmo/BoundingBoxCorner.uasset" 41
"../../../Engine/Content/VREditor/TransformGizmo/BoundingBoxCorner.uexp" 42
"../../../Engine/Content/VREditor/TransformGizmo/BoundingBoxEdge.ubulk" 43
"../../../Engine/Content/VREditor/TransformGizmo/BoundingBoxEdge.uasset" 44
"../../../Engine/Content/VREditor/TransformGizmo/BoundingBoxEdge.uexp" 45
"../../../Engine/Content/VREditor/TransformGizmo/Main.uasset" 46
"../../../Engine/Content/VREditor/TransformGizmo/Main.uexp" 47
"../../../Engine/Content/VREditor/TransformGizmo/Xray.uasset" 48
"../../../Engine/Content/VREditor/TransformGizmo/Xray.uexp" 49
"../../../Engine/Content/VREditor/TransformGizmo/SM_Sequencer_Node.ubulk" 50
"../../../Engine/Content/VREditor/TransformGizmo/SM_Sequencer_Node.uasset" 51
"../../../Engine/Content/VREditor/TransformGizmo/SM_Sequencer_Node.uexp" 52
"../../../Engine/Content/EditorMaterials/Camera/CineMat.uasset" 53
"../../../Engine/Content/EditorMaterials/Camera/CineMat.uexp" 54
"../../../Engine/Content/EditorMaterials/Camera/MI_CineMat_Rig.uasset" 55
"../../../Engine/Content/EditorMaterials/Camera/MI_CineMat_Rig.uexp" 56
"../../../Engine/Content/EditorMeshes/Camera/SM_CraneRig_Base.ubulk" 57
"../../../Engine/Content/EditorMeshes/Camera/SM_CraneRig_Base.uasset" 58
"../../../Engine/Content/EditorMeshes/Camera/SM_CraneRig_Base.uexp" 59
"../../../Engine/Content/EditorMeshes/Camera/SM_CraneRig_Arm.ubulk" 60
"../../../Engine/Content/EditorMeshes/Camera/SM_CraneRig_Arm.uasset" 61
"../../../Engine/Content/EditorMeshes/Camera/SM_CraneRig_Arm.uexp" 62
"../../../Engine/Content/EditorMeshes/Camera/SM_CraneRig_Mount.ubulk" 63
"../../../Engine/Content/EditorMeshes/Camera/SM_CraneRig_Mount.uasset" 64
"../../../Engine/Content/EditorMeshes/Camera/SM_CraneRig_Mount.uexp" 65
"../../../Engine/Content/EditorMeshes/Camera/SM_CraneRig_Body.ubulk" 66
"../../../Engine/Content/EditorMeshes/Camera/SM_CraneRig_Body.uasset" 67
"../../../Engine/Content/EditorMeshes/Camera/SM_CraneRig_Body.uexp" 68
"../../../Engine/Content/EditorMeshes/Camera/SM_RailRig_Track.ubulk" 69
"../../../Engine/Content/EditorMeshes/Camera/SM_RailRig_Track.uasset" 70
"../../../Engine/Content/EditorMeshes/Camera/SM_RailRig_Track.uexp" 71
"../../../Engine/Content/EditorMeshes/Camera/SM_RailRig_Mount.ubulk" 72
"../../../Engine/Content/EditorMeshes/Camera/SM_RailRig_Mount.uasset" 73
"../../../Engine/Content/EditorMeshes/Camera/SM_RailRig_Mount.uexp" 74
"../../../Engine/Content/EngineMaterials/T_Default_Material_Grid_M.ubulk" 75
"../../../Engine/Content/EngineMaterials/T_Default_Material_Grid_M.uasset" 76
"../../../Engine/Content/EngineMaterials/T_Default_Material_Grid_M.uexp" 77
"../../../Engine/Content/EngineMaterials/T_Default_Material_Grid_N.ubulk" 78
"../../../Engine/Content/EngineMaterials/T_Default_Material_Grid_N.uasset" 79
"../../../Engine/Content/EngineMaterials/T_Default_Material_Grid_N.uexp" 80
"../../../Engine/Content/Functions/Engine_MaterialFunctions01/Opacity/CameraDepthFade.uasset" 81
"../../../Engine/Content/Functions/Engine_MaterialFunctions01/Opacity/CameraDepthFade.uexp" 82
"../../../Engine/Content/EngineMaterials/WorldGridMaterial.uasset" 83
"../../../Engine/Content/EngineMaterials/WorldGridMaterial.uexp" 84
"../../../Engine/Content/ArtTools/RenderToTexture/Meshes/S_1_Unit_Plane.ubulk" 85
"../../../Engine/Content/ArtTools/RenderToTexture/Meshes/S_1_Unit_Plane.uasset" 86
"../../../Engine/Content/ArtTools/RenderToTexture/Meshes/S_1_Unit_Plane.uexp" 87
"../../../Engine/Content/EditorMaterials/ParticleSystems/PSysThumbnail_NoImage.ubulk" 88
"../../../Engine/Content/EditorMaterials/ParticleSystems/PSysThumbnail_NoImage.uasset" 89
"../../../Engine/Content/EditorMaterials/ParticleSystems/PSysThumbnail_NoImage.uexp" 90
"../../../Engine/Content/EditorMaterials/ParticleSystems/PSysThumbnail_OOD.ubulk" 91
"../../../Engine/Content/EditorMaterials/ParticleSystems/PSysThumbnail_OOD.uasset" 92
"../../../Engine/Content/EditorMaterials/ParticleSystems/PSysThumbnail_OOD.uexp" 93
"../../../Engine/Content/EditorLandscapeResources/SplineEditorMeshMat.uasset" 94
"../../../Engine/Content/EditorLandscapeResources/SplineEditorMeshMat.uexp" 95
"../../../Engine/Content/EditorLandscapeResources/SplineEditorMesh.ubulk" 96
"../../../Engine/Content/EditorLandscapeResources/SplineEditorMesh.uasset" 97
"../../../Engine/Content/EditorLandscapeResources/SplineEditorMesh.uexp" 98
"../../../Engine/Content/EditorResources/S_Solver.ubulk" 99
"../../../Engine/Content/EditorResources/S_Solver.uasset" 100
"../../../Engine/Content/EditorResources/S_Solver.uexp" 101
"../../../Engine/Plugins/Media/MediaPlate/Content/SM_MediaPlateScreen.ubulk" 102
"../../../Engine/Plugins/Media/MediaPlate/Content/SM_MediaPlateScreen.uasset" 103
"../../../Engine/Plugins/Media/MediaPlate/Content/SM_MediaPlateScreen.uexp" 104
"../../../Engine/Content/EngineMaterials/Good64x64TilingNoiseHighFreq.uasset" 105
"../../../Engine/Content/EngineMaterials/Good64x64TilingNoiseHighFreq.uexp" 106
"../../../Engine/Content/EngineMaterials/DefaultBokeh.uasset" 107
"../../../Engine/Content/EngineMaterials/DefaultBokeh.uexp" 108
"../../../Engine/Content/EngineMaterials/PreintegratedSkinBRDF.uasset" 109
"../../../Engine/Content/EngineMaterials/PreintegratedSkinBRDF.uexp" 110
"../../../Engine/Content/EngineMaterials/MiniFont.uasset" 111
"../../../Engine/Content/EngineMaterials/MiniFont.uexp" 112
"../../../Engine/Content/EngineMaterials/WeightMapPlaceholderTexture.uasset" 113
"../../../Engine/Content/EngineMaterials/WeightMapPlaceholderTexture.uexp" 114
"../../../Engine/Content/EngineMaterials/DefaultWhiteGrid.ubulk" 115
"../../../Engine/Content/EngineMaterials/DefaultWhiteGrid.uasset" 116
"../../../Engine/Content/EngineMaterials/DefaultWhiteGrid.uexp" 117
"../../../Engine/Plugins/2D/Paper2D/Content/PlaceholderTextures/DummySpriteTexture.ubulk" 118
"../../../Engine/Plugins/2D/Paper2D/Content/PlaceholderTextures/DummySpriteTexture.uasset" 119
"../../../Engine/Plugins/2D/Paper2D/Content/PlaceholderTextures/DummySpriteTexture.uexp" 120
"../../../Engine/Plugins/2D/Paper2D/Content/DefaultSpriteMaterial.uasset" 121
"../../../Engine/Plugins/2D/Paper2D/Content/DefaultSpriteMaterial.uexp" 122
"../../../Engine/Plugins/2D/Paper2D/Content/OpaqueUnlitSpriteMaterial.uasset" 123
"../../../Engine/Plugins/2D/Paper2D/Content/OpaqueUnlitSpriteMaterial.uexp" 124
"../../../Engine/Plugins/2D/Paper2D/Content/MaskedUnlitSpriteMaterial.uasset" 125
"../../../Engine/Plugins/2D/Paper2D/Content/MaskedUnlitSpriteMaterial.uexp" 126
"../../../Engine/Plugins/2D/Paper2D/Content/DummySprite.uasset" 127
"../../../Engine/Plugins/2D/Paper2D/Content/DummySprite.uexp" 128
"../../../Engine/Plugins/2D/Paper2D/Content/DefaultPaperTerrainMaterial.uasset" 129
"../../../Engine/Plugins/2D/Paper2D/Content/DefaultPaperTerrainMaterial.uexp" 130
"../../../Engine/Content/Functions/Engine_MaterialFunctions02/WorldPositionOffset/CameraOffset.uasset" 131
"../../../Engine/Content/Functions/Engine_MaterialFunctions02/WorldPositionOffset/CameraOffset.uexp" 132
"../../../Engine/Plugins/Animation/ControlRig/Content/M_Manip.uasset" 133
"../../../Engine/Plugins/Animation/ControlRig/Content/M_Manip.uexp" 134
"../../../Engine/Content/Animation/DefaultRecorderBoneCompression.uasset" 135
"../../../Engine/Content/Animation/DefaultRecorderBoneCompression.uexp" 136
"../../../Engine/Content/Animation/DefaultAnimCurveCompressionSettings.uasset" 137
"../../../Engine/Content/Animation/DefaultAnimCurveCompressionSettings.uexp" 138
"../../../Engine/Content/Animation/DefaultAnimBoneCompressionSettings.uasset" 139
"../../../Engine/Content/Animation/DefaultAnimBoneCompressionSettings.uexp" 140
"../../../Engine/Content/EngineMaterials/DefaultMaterial.uasset" 141
"../../../Engine/Content/EngineMaterials/DefaultMaterial.uexp" 142
"../../../Engine/Content/BasicShapes/Sphere.ubulk" 143
"../../../Engine/Content/BasicShapes/Sphere.uasset" 144
"../../../Engine/Content/BasicShapes/Sphere.uexp" 145
"../../../Engine/Content/BasicShapes/Plane.ubulk" 146
"../../../Engine/Content/BasicShapes/Plane.uasset" 147
"../../../Engine/Content/BasicShapes/Plane.uexp" 148
"../../../Engine/Content/EditorResources/S_Terrain.ubulk" 149
"../../../Engine/Content/EditorResources/S_Terrain.uasset" 150
"../../../Engine/Content/EditorResources/S_Terrain.uexp" 151
"../../../Engine/Content/EngineResources/WhiteSquareTexture.uasset" 152
"../../../Engine/Content/EngineResources/WhiteSquareTexture.uexp" 153
"../../../Engine/Content/EngineMaterials/Widget3DPassThrough.uasset" 154
"../../../Engine/Content/EngineMaterials/Widget3DPassThrough.uexp" 155
"../../../Engine/Content/EngineMaterials/Widget3DPassThrough_Translucent.uasset" 156
"../../../Engine/Content/EngineMaterials/Widget3DPassThrough_Translucent.uexp" 157
"../../../Engine/Content/EngineMaterials/Widget3DPassThrough_Translucent_OneSided.uasset" 158
"../../../Engine/Content/EngineMaterials/Widget3DPassThrough_Translucent_OneSided.uexp" 159
"../../../Engine/Content/EngineMaterials/Widget3DPassThrough_Opaque.uasset" 160
"../../../Engine/Content/EngineMaterials/Widget3DPassThrough_Opaque.uexp" 161
"../../../Engine/Content/EngineMaterials/Widget3DPassThrough_Opaque_OneSided.uasset" 162
"../../../Engine/Content/EngineMaterials/Widget3DPassThrough_Opaque_OneSided.uexp" 163
"../../../Engine/Content/EngineMaterials/Widget3DPassThrough_Masked_OneSided.uasset" 164
"../../../Engine/Content/EngineMaterials/Widget3DPassThrough_Masked_OneSided.uexp" 165
"../../../Engine/Content/EngineMaterials/Widget3DPassThrough_Masked.uasset" 166
"../../../Engine/Content/EngineMaterials/Widget3DPassThrough_Masked.uexp" 167
"../../../Engine/Content/EngineMaterials/STBlueNoise_vec2_128x128x64.uasset" 168
"../../../Engine/Content/EngineMaterials/STBlueNoise_vec2_128x128x64.uexp" 169
"../../../Engine/Content/EngineMaterials/STBlueNoise_scalar_128x128x64.uasset" 170
"../../../Engine/Content/EngineMaterials/STBlueNoise_scalar_128x128x64.uexp" 171
"../../../Engine/Content/EngineMaterials/RemoveSurfaceMaterial.uasset" 172
"../../../Engine/Content/EngineMaterials/RemoveSurfaceMaterial.uexp" 173
"../../../Engine/Plugins/Editor/SpeedTreeImporter/Content/SpeedTree9/game_wind_noise.ubulk" 174
"../../../Engine/Plugins/Editor/SpeedTreeImporter/Content/SpeedTree9/game_wind_noise.uasset" 175
"../../../Engine/Plugins/Editor/SpeedTreeImporter/Content/SpeedTree9/game_wind_noise.uexp" 176
"../../../Engine/Plugins/Editor/SpeedTreeImporter/Content/SpeedTree9/UnpackDirection.uasset" 177
"../../../Engine/Plugins/Editor/SpeedTreeImporter/Content/SpeedTree9/UnpackDirection.uexp" 178
"../../../Engine/Content/Functions/Engine_MaterialFunctions02/ObjectLocalBounds.uasset" 179
"../../../Engine/Content/Functions/Engine_MaterialFunctions02/ObjectLocalBounds.uexp" 180
"../../../Engine/Content/Functions/Engine_MaterialFunctions02/Utility/BreakOutFloat3Components.uasset" 181
"../../../Engine/Content/Functions/Engine_MaterialFunctions02/Utility/BreakOutFloat3Components.uexp" 182
"../../../Engine/Content/Functions/Engine_MaterialFunctions02/UVs/BoundingBoxBased_0-1_UVW.uasset" 183
"../../../Engine/Content/Functions/Engine_MaterialFunctions02/UVs/BoundingBoxBased_0-1_UVW.uexp" 184
"../../../Engine/Content/Functions/Engine_MaterialFunctions02/Utility/VectorLength.uasset" 185
"../../../Engine/Content/Functions/Engine_MaterialFunctions02/Utility/VectorLength.uexp" 186
"../../../Engine/Plugins/Editor/SpeedTreeImporter/Content/SpeedTree9/UnpackInteger3.uasset" 187
"../../../Engine/Plugins/Editor/SpeedTreeImporter/Content/SpeedTree9/UnpackInteger3.uexp" 188
"../../../Engine/Plugins/Editor/SpeedTreeImporter/Content/SpeedTree9/SpeedTreeCameraFacing.uasset" 189
"../../../Engine/Plugins/Editor/SpeedTreeImporter/Content/SpeedTree9/SpeedTreeCameraFacing.uexp" 190
"../../../Engine/Content/Functions/Engine_MaterialFunctions02/WorldPositionOffset/ObjectScale.uasset" 191
"../../../Engine/Content/Functions/Engine_MaterialFunctions02/WorldPositionOffset/ObjectScale.uexp" 192
"../../../Engine/Content/Functions/Engine_MaterialFunctions02/SafeNormalize.uasset" 193
"../../../Engine/Content/Functions/Engine_MaterialFunctions02/SafeNormalize.uexp" 194
"../../../Engine/Plugins/Editor/SpeedTreeImporter/Content/SpeedTree9/SpeedTreeWindMotion.uasset" 195
"../../../Engine/Plugins/Editor/SpeedTreeImporter/Content/SpeedTree9/SpeedTreeWindMotion.uexp" 196
"../../../Engine/Plugins/Editor/SpeedTreeImporter/Content/SpeedTree9/SpeedTreeBranchMotion.uasset" 197
"../../../Engine/Plugins/Editor/SpeedTreeImporter/Content/SpeedTree9/SpeedTreeBranchMotion.uexp" 198
"../../../Engine/Plugins/Editor/SpeedTreeImporter/Content/SpeedTree9/SpeedTreeWind.uasset" 199
"../../../Engine/Plugins/Editor/SpeedTreeImporter/Content/SpeedTree9/SpeedTreeWind.uexp" 200
"../../../Engine/Plugins/Editor/SpeedTreeImporter/Content/SpeedTree9/EmptyNormal.uasset" 201
"../../../Engine/Plugins/Editor/SpeedTreeImporter/Content/SpeedTree9/EmptyNormal.uexp" 202
"../../../Engine/Plugins/Editor/SpeedTreeImporter/Content/SpeedTree9/Empty.uasset" 203
"../../../Engine/Plugins/Editor/SpeedTreeImporter/Content/SpeedTree9/Empty.uexp" 204
"../../../Engine/Plugins/Editor/SpeedTreeImporter/Content/SpeedTree9/SpeedTreeMaster.uasset" 205
"../../../Engine/Plugins/Editor/SpeedTreeImporter/Content/SpeedTree9/SpeedTreeMaster.uexp" 206
"../../../Engine/Plugins/Editor/SpeedTreeImporter/Content/SpeedTree9/SpeedTreeBillboard.uasset" 207
"../../../Engine/Plugins/Editor/SpeedTreeImporter/Content/SpeedTree9/SpeedTreeBillboard.uexp" 208
"../../../Engine/Plugins/Editor/SpeedTreeImporter/Content/SpeedTree9/SpeedTreeBillboardMaster.uasset" 209
"../../../Engine/Plugins/Editor/SpeedTreeImporter/Content/SpeedTree9/SpeedTreeBillboardMaster.uexp" 210
"../../../Engine/Plugins/Animation/ControlRig/Content/Controls/DefaultGizmoLibraryNormalized.uasset" 211
"../../../Engine/Plugins/Animation/ControlRig/Content/Controls/DefaultGizmoLibraryNormalized.uexp" 212
"../../../Engine/Plugins/Animation/ControlRig/Content/Controls/ControlRig_Wedge_solid.ubulk" 213
"../../../Engine/Plugins/Animation/ControlRig/Content/Controls/ControlRig_Wedge_solid.uasset" 214
"../../../Engine/Plugins/Animation/ControlRig/Content/Controls/ControlRig_Wedge_solid.uexp" 215
"../../../Engine/Plugins/Animation/ControlRig/Content/Controls/ControlRig_Wedge_3mm.ubulk" 216
"../../../Engine/Plugins/Animation/ControlRig/Content/Controls/ControlRig_Wedge_3mm.uasset" 217
"../../../Engine/Plugins/Animation/ControlRig/Content/Controls/ControlRig_Wedge_3mm.uexp" 218
"../../../Engine/Plugins/Animation/ControlRig/Content/Controls/ControlRig_Wedge_1mm.ubulk" 219
"../../../Engine/Plugins/Animation/ControlRig/Content/Controls/ControlRig_Wedge_1mm.uasset" 220
"../../../Engine/Plugins/Animation/ControlRig/Content/Controls/ControlRig_Wedge_1mm.uexp" 221
"../../../Engine/Plugins/Animation/ControlRig/Content/Controls/ControlRig_Triangle_solid.ubulk" 222
"../../../Engine/Plugins/Animation/ControlRig/Content/Controls/ControlRig_Triangle_solid.uasset" 223
"../../../Engine/Plugins/Animation/ControlRig/Content/Controls/ControlRig_Triangle_solid.uexp" 224
"../../../Engine/Plugins/Animation/ControlRig/Content/Controls/ControlRig_Triangle_3mm.ubulk" 225
"../../../Engine/Plugins/Animation/ControlRig/Content/Controls/ControlRig_Triangle_3mm.uasset" 226
"../../../Engine/Plugins/Animation/ControlRig/Content/Controls/ControlRig_Triangle_3mm.uexp" 227
"../../../Engine/Plugins/Animation/ControlRig/Content/Controls/ControlRig_Triangle_1mm.ubulk" 228
"../../../Engine/Plugins/Animation/ControlRig/Content/Controls/ControlRig_Triangle_1mm.uasset" 229
"../../../Engine/Plugins/Animation/ControlRig/Content/Controls/ControlRig_Triangle_1mm.uexp" 230
"../../../Engine/Plugins/Animation/ControlRig/Content/Controls/ControlRig_Star4_solid.ubulk" 231
"../../../Engine/Plugins/Animation/ControlRig/Content/Controls/ControlRig_Star4_solid.uasset" 232
"../../../Engine/Plugins/Animation/ControlRig/Content/Controls/ControlRig_Star4_solid.uexp" 233
"../../../Engine/Plugins/Runtime/MeshModelingToolset/Content/Materials/M_DynamicMeshComponentVtxColor.uasset" 234
"../../../Engine/Plugins/Runtime/MeshModelingToolset/Content/Materials/M_DynamicMeshComponentVtxColor.uexp" 235
"../../../Engine/Plugins/Interchange/Runtime/Content/Pipelines/DefaultTexturePipeline.uasset" 236
"../../../Engine/Plugins/Interchange/Runtime/Content/Pipelines/DefaultTexturePipeline.uexp" 237
"../../../Engine/Plugins/Interchange/Runtime/Content/Pipelines/DefaultSceneLevelPipeline.uasset" 238
"../../../Engine/Plugins/Interchange/Runtime/Content/Pipelines/DefaultSceneLevelPipeline.uexp" 239
"../../../Engine/Plugins/Interchange/Runtime/Content/Pipelines/DefaultSceneAssetsPipeline.uasset" 240
"../../../Engine/Plugins/Interchange/Runtime/Content/Pipelines/DefaultSceneAssetsPipeline.uexp" 241
"../../../Engine/Plugins/Interchange/Runtime/Content/Pipelines/DefaultMaterialPipeline.uasset" 242
"../../../Engine/Plugins/Interchange/Runtime/Content/Pipelines/DefaultMaterialPipeline.uexp" 243
"../../../Engine/Plugins/Interchange/Runtime/Content/Pipelines/DefaultAssetsPipeline.uasset" 244
"../../../Engine/Plugins/Interchange/Runtime/Content/Pipelines/DefaultAssetsPipeline.uexp" 245
"../../../Engine/Plugins/Animation/ControlRig/Content/Controls/ControlRig_Star4_3mm.ubulk" 246
"../../../Engine/Plugins/Animation/ControlRig/Content/Controls/ControlRig_Star4_3mm.uasset" 247
"../../../Engine/Plugins/Animation/ControlRig/Content/Controls/ControlRig_Star4_3mm.uexp" 248
"../../../Engine/Plugins/Animation/ControlRig/Content/Controls/ControlRig_Star4_1mm.ubulk" 249
"../../../Engine/Plugins/Animation/ControlRig/Content/Controls/ControlRig_Star4_1mm.uasset" 250
"../../../Engine/Plugins/Animation/ControlRig/Content/Controls/ControlRig_Star4_1mm.uexp" 251
"../../../Engine/Plugins/Animation/ControlRig/Content/Controls/ControlRig_Square_solid.ubulk" 252
"../../../Engine/Plugins/Animation/ControlRig/Content/Controls/ControlRig_Square_solid.uasset" 253
"../../../Engine/Plugins/Animation/ControlRig/Content/Controls/ControlRig_Square_solid.uexp" 254
"../../../Engine/Plugins/Animation/ControlRig/Content/Controls/ControlRig_Square_3mm.ubulk" 255
"../../../Engine/Plugins/Animation/ControlRig/Content/Controls/ControlRig_Square_3mm.uasset" 256
"../../../Engine/Plugins/Animation/ControlRig/Content/Controls/ControlRig_Square_3mm.uexp" 257
"../../../Engine/Plugins/Animation/ControlRig/Content/Controls/ControlRig_Square_1mm.ubulk" 258
"../../../Engine/Plugins/Animation/ControlRig/Content/Controls/ControlRig_Square_1mm.uasset" 259
"../../../Engine/Plugins/Animation/ControlRig/Content/Controls/ControlRig_Square_1mm.uexp" 260
"../../../Engine/Plugins/Animation/ControlRig/Content/Controls/ControlRig_Sphere_solid.ubulk" 261
"../../../Engine/Plugins/Animation/ControlRig/Content/Controls/ControlRig_Sphere_solid.uasset" 262
"../../../Engine/Plugins/Animation/ControlRig/Content/Controls/ControlRig_Sphere_solid.uexp" 263
"../../../Engine/Plugins/Animation/ControlRig/Content/Controls/ControlRig_Sphere_3mm.ubulk" 264
"../../../Engine/Plugins/Animation/ControlRig/Content/Controls/ControlRig_Sphere_3mm.uasset" 265
"../../../Engine/Plugins/Animation/ControlRig/Content/Controls/ControlRig_Sphere_3mm.uexp" 266
"../../../Engine/Plugins/Animation/ControlRig/Content/Controls/ControlRig_Sphere_1mm.ubulk" 267
"../../../Engine/Plugins/Animation/ControlRig/Content/Controls/ControlRig_Sphere_1mm.uasset" 268
"../../../Engine/Plugins/Animation/ControlRig/Content/Controls/ControlRig_Sphere_1mm.uexp" 269
"../../../Engine/Plugins/Animation/ControlRig/Content/Controls/ControlRig_RoundedTriangle_solid.ubulk" 270
"../../../Engine/Plugins/Animation/ControlRig/Content/Controls/ControlRig_RoundedTriangle_solid.uasset" 271
"../../../Engine/Plugins/Animation/ControlRig/Content/Controls/ControlRig_RoundedTriangle_solid.uexp" 272
"../../../Engine/Plugins/Animation/ControlRig/Content/Controls/ControlRig_RoundedTriangle_3mm.ubulk" 273
"../../../Engine/Plugins/Animation/ControlRig/Content/Controls/ControlRig_RoundedTriangle_3mm.uasset" 274
"../../../Engine/Plugins/Animation/ControlRig/Content/Controls/ControlRig_RoundedTriangle_3mm.uexp" 275
"../../../Engine/Plugins/Animation/ControlRig/Content/Controls/ControlRig_RoundedTriangle_1mm.ubulk" 276
"../../../Engine/Plugins/Animation/ControlRig/Content/Controls/ControlRig_RoundedTriangle_1mm.uasset" 277
"../../../Engine/Plugins/Animation/ControlRig/Content/Controls/ControlRig_RoundedTriangle_1mm.uexp" 278
"../../../Engine/Plugins/Animation/ControlRig/Content/Controls/ControlRig_RoundedSquare_solid.ubulk" 279
"../../../Engine/Plugins/Animation/ControlRig/Content/Controls/ControlRig_RoundedSquare_solid.uasset" 280
"../../../Engine/Plugins/Animation/ControlRig/Content/Controls/ControlRig_RoundedSquare_solid.uexp" 281
"../../../Engine/Plugins/Animation/ControlRig/Content/Controls/ControlRig_RoundedSquare_3mm.ubulk" 282
"../../../Engine/Plugins/Animation/ControlRig/Content/Controls/ControlRig_RoundedSquare_3mm.uasset" 283
"../../../Engine/Plugins/Animation/ControlRig/Content/Controls/ControlRig_RoundedSquare_3mm.uexp" 284
"../../../Engine/Plugins/Animation/ControlRig/Content/Controls/ControlRig_RoundedSquare_1mm.ubulk" 285
"../../../Engine/Plugins/Animation/ControlRig/Content/Controls/ControlRig_RoundedSquare_1mm.uasset" 286
"../../../Engine/Plugins/Animation/ControlRig/Content/Controls/ControlRig_RoundedSquare_1mm.uexp" 287
"../../../Engine/Plugins/Animation/ControlRig/Content/Controls/ControlRig_QuarterCircle_solid.ubulk" 288
"../../../Engine/Plugins/Animation/ControlRig/Content/Controls/ControlRig_QuarterCircle_solid.uasset" 289
"../../../Engine/Plugins/Animation/ControlRig/Content/Controls/ControlRig_QuarterCircle_solid.uexp" 290
"../../../Engine/Plugins/Animation/ControlRig/Content/Controls/ControlRig_QuarterCircle_3mm.ubulk" 291
"../../../Engine/Plugins/Animation/ControlRig/Content/Controls/ControlRig_QuarterCircle_3mm.uasset" 292
"../../../Engine/Plugins/Animation/ControlRig/Content/Controls/ControlRig_QuarterCircle_3mm.uexp" 293
"../../../Engine/Plugins/Animation/ControlRig/Content/Controls/ControlRig_QuarterCircle_1mm.ubulk" 294
"../../../Engine/Plugins/Animation/ControlRig/Content/Controls/ControlRig_QuarterCircle_1mm.uasset" 295
"../../../Engine/Plugins/Animation/ControlRig/Content/Controls/ControlRig_QuarterCircle_1mm.uexp" 296
"../../../Engine/Plugins/Animation/ControlRig/Content/Controls/ControlRig_Pyramid_solid.ubulk" 297
"../../../Engine/Plugins/Animation/ControlRig/Content/Controls/ControlRig_Pyramid_solid.uasset" 298
"../../../Engine/Plugins/Animation/ControlRig/Content/Controls/ControlRig_Pyramid_solid.uexp" 299
"../../../Engine/Plugins/Animation/ControlRig/Content/Controls/ControlRig_Pyramid_3mm.ubulk" 300
"../../../Engine/Plugins/Animation/ControlRig/Content/Controls/ControlRig_Pyramid_3mm.uasset" 301
"../../../Engine/Plugins/Animation/ControlRig/Content/Controls/ControlRig_Pyramid_3mm.uexp" 302
"../../../Engine/Plugins/Animation/ControlRig/Content/Controls/ControlRig_Pyramid_1mm.ubulk" 303
"../../../Engine/Plugins/Animation/ControlRig/Content/Controls/ControlRig_Pyramid_1mm.uasset" 304
"../../../Engine/Plugins/Animation/ControlRig/Content/Controls/ControlRig_Pyramid_1mm.uexp" 305
"../../../Engine/Plugins/Animation/ControlRig/Content/Controls/ControlRig_Octagon_solid.ubulk" 306
"../../../Engine/Plugins/Animation/ControlRig/Content/Controls/ControlRig_Octagon_solid.uasset" 307
"../../../Engine/Plugins/Animation/ControlRig/Content/Controls/ControlRig_Octagon_solid.uexp" 308
"../../../Engine/Plugins/Animation/ControlRig/Content/Controls/ControlRig_Octagon_3mm.ubulk" 309
"../../../Engine/Plugins/Animation/ControlRig/Content/Controls/ControlRig_Octagon_3mm.uasset" 310
"../../../Engine/Plugins/Animation/ControlRig/Content/Controls/ControlRig_Octagon_3mm.uexp" 311
"../../../Engine/Plugins/Animation/ControlRig/Content/Controls/ControlRig_Octagon_1mm.ubulk" 312
"../../../Engine/Plugins/Animation/ControlRig/Content/Controls/ControlRig_Octagon_1mm.uasset" 313
"../../../Engine/Plugins/Animation/ControlRig/Content/Controls/ControlRig_Octagon_1mm.uexp" 314
"../../../Engine/Plugins/Animation/ControlRig/Content/Controls/ControlRig_Hexagon_solid.ubulk" 315
"../../../Engine/Plugins/Animation/ControlRig/Content/Controls/ControlRig_Hexagon_solid.uasset" 316
"../../../Engine/Plugins/Animation/ControlRig/Content/Controls/ControlRig_Hexagon_solid.uexp" 317
"../../../Engine/Plugins/Animation/ControlRig/Content/Controls/ControlRig_Hexagon_3mm.ubulk" 318
"../../../Engine/Plugins/Animation/ControlRig/Content/Controls/ControlRig_Hexagon_3mm.uasset" 319
"../../../Engine/Plugins/Animation/ControlRig/Content/Controls/ControlRig_Hexagon_3mm.uexp" 320
"../../../Engine/Plugins/Animation/ControlRig/Content/Controls/ControlRig_Hexagon_1mm.ubulk" 321
"../../../Engine/Plugins/Animation/ControlRig/Content/Controls/ControlRig_Hexagon_1mm.uasset" 322
"../../../Engine/Plugins/Animation/ControlRig/Content/Controls/ControlRig_Hexagon_1mm.uexp" 323
"../../../Engine/Plugins/Animation/ControlRig/Content/Controls/ControlRig_HalfCircle_solid.ubulk" 324
"../../../Engine/Plugins/Animation/ControlRig/Content/Controls/ControlRig_HalfCircle_solid.uasset" 325
"../../../Engine/Plugins/Animation/ControlRig/Content/Controls/ControlRig_HalfCircle_solid.uexp" 326
"../../../Engine/Plugins/Animation/ControlRig/Content/Controls/ControlRig_HalfCircle_3mm.ubulk" 327
"../../../Engine/Plugins/Animation/ControlRig/Content/Controls/ControlRig_HalfCircle_3mm.uasset" 328
"../../../Engine/Plugins/Animation/ControlRig/Content/Controls/ControlRig_HalfCircle_3mm.uexp" 329
"../../../Engine/Plugins/Animation/ControlRig/Content/Controls/ControlRig_HalfCircle_1mm.ubulk" 330
"../../../Engine/Plugins/Animation/ControlRig/Content/Controls/ControlRig_HalfCircle_1mm.uasset" 331
"../../../Engine/Plugins/Animation/ControlRig/Content/Controls/ControlRig_HalfCircle_1mm.uexp" 332
"../../../Engine/Plugins/Animation/ControlRig/Content/Controls/ControlRig_Diamond_solid.ubulk" 333
"../../../Engine/Plugins/Animation/ControlRig/Content/Controls/ControlRig_Diamond_solid.uasset" 334
"../../../Engine/Plugins/Animation/ControlRig/Content/Controls/ControlRig_Diamond_solid.uexp" 335
"../../../Engine/Plugins/Animation/ControlRig/Content/Controls/ControlRig_Diamond_3mm.ubulk" 336
"../../../Engine/Plugins/Animation/ControlRig/Content/Controls/ControlRig_Diamond_3mm.uasset" 337
"../../../Engine/Plugins/Animation/ControlRig/Content/Controls/ControlRig_Diamond_3mm.uexp" 338
"../../../Engine/Plugins/Animation/ControlRig/Content/Controls/ControlRig_Diamond_1mm.ubulk" 339
"../../../Engine/Plugins/Animation/ControlRig/Content/Controls/ControlRig_Diamond_1mm.uasset" 340
"../../../Engine/Plugins/Animation/ControlRig/Content/Controls/ControlRig_Diamond_1mm.uexp" 341
"../../../Engine/Plugins/Animation/ControlRig/Content/Controls/ControlRig_Circle_solid.ubulk" 342
"../../../Engine/Plugins/Animation/ControlRig/Content/Controls/ControlRig_Circle_solid.uasset" 343
"../../../Engine/Plugins/Animation/ControlRig/Content/Controls/ControlRig_Circle_solid.uexp" 344
"../../../Engine/Plugins/Animation/ControlRig/Content/Controls/ControlRig_Circle_3mm.ubulk" 345
"../../../Engine/Plugins/Animation/ControlRig/Content/Controls/ControlRig_Circle_3mm.uasset" 346
"../../../Engine/Plugins/Animation/ControlRig/Content/Controls/ControlRig_Circle_3mm.uexp" 347
"../../../Engine/Plugins/Animation/ControlRig/Content/Controls/ControlRig_Circle_1mm.ubulk" 348
"../../../Engine/Plugins/Animation/ControlRig/Content/Controls/ControlRig_Circle_1mm.uasset" 349
"../../../Engine/Plugins/Animation/ControlRig/Content/Controls/ControlRig_Circle_1mm.uexp" 350
"../../../Engine/Plugins/Animation/ControlRig/Content/Controls/ControlRig_Box_solid.ubulk" 351
"../../../Engine/Plugins/Animation/ControlRig/Content/Controls/ControlRig_Box_solid.uasset" 352
"../../../Engine/Plugins/Animation/ControlRig/Content/Controls/ControlRig_Box_solid.uexp" 353
"../../../Engine/Plugins/Animation/ControlRig/Content/Controls/ControlRig_Box_3mm.ubulk" 354
"../../../Engine/Plugins/Animation/ControlRig/Content/Controls/ControlRig_Box_3mm.uasset" 355
"../../../Engine/Plugins/Animation/ControlRig/Content/Controls/ControlRig_Box_3mm.uexp" 356
"../../../Engine/Plugins/Animation/ControlRig/Content/Controls/ControlRig_Box_1mm.ubulk" 357
"../../../Engine/Plugins/Animation/ControlRig/Content/Controls/ControlRig_Box_1mm.uasset" 358
"../../../Engine/Plugins/Animation/ControlRig/Content/Controls/ControlRig_Box_1mm.uexp" 359
"../../../Engine/Plugins/Animation/ControlRig/Content/Controls/ControlRig_Arrow_solid.ubulk" 360
"../../../Engine/Plugins/Animation/ControlRig/Content/Controls/ControlRig_Arrow_solid.uasset" 361
"../../../Engine/Plugins/Animation/ControlRig/Content/Controls/ControlRig_Arrow_solid.uexp" 362
"../../../Engine/Plugins/Animation/ControlRig/Content/Controls/ControlRig_Arrow_3mm.ubulk" 363
"../../../Engine/Plugins/Animation/ControlRig/Content/Controls/ControlRig_Arrow_3mm.uasset" 364
"../../../Engine/Plugins/Animation/ControlRig/Content/Controls/ControlRig_Arrow_3mm.uexp" 365
"../../../Engine/Plugins/Animation/ControlRig/Content/Controls/ControlRig_Arrow_1mm.ubulk" 366
"../../../Engine/Plugins/Animation/ControlRig/Content/Controls/ControlRig_Arrow_1mm.uasset" 367
"../../../Engine/Plugins/Animation/ControlRig/Content/Controls/ControlRig_Arrow_1mm.uexp" 368
"../../../Engine/Plugins/Animation/ControlRig/Content/Controls/ControlRig_Arrow4_solid.ubulk" 369
"../../../Engine/Plugins/Animation/ControlRig/Content/Controls/ControlRig_Arrow4_solid.uasset" 370
"../../../Engine/Plugins/Animation/ControlRig/Content/Controls/ControlRig_Arrow4_solid.uexp" 371
"../../../Engine/Plugins/Animation/ControlRig/Content/Controls/ControlRig_Arrow4_3mm.ubulk" 372
"../../../Engine/Plugins/Animation/ControlRig/Content/Controls/ControlRig_Arrow4_3mm.uasset" 373
"../../../Engine/Plugins/Animation/ControlRig/Content/Controls/ControlRig_Arrow4_3mm.uexp" 374
"../../../Engine/Plugins/Animation/ControlRig/Content/Controls/ControlRig_Arrow4_1mm.ubulk" 375
"../../../Engine/Plugins/Animation/ControlRig/Content/Controls/ControlRig_Arrow4_1mm.uasset" 376
"../../../Engine/Plugins/Animation/ControlRig/Content/Controls/ControlRig_Arrow4_1mm.uexp" 377
"../../../Engine/Plugins/Animation/ControlRig/Content/Controls/ControlRig_Arrow2_solid.ubulk" 378
"../../../Engine/Plugins/Animation/ControlRig/Content/Controls/ControlRig_Arrow2_solid.uasset" 379
"../../../Engine/Plugins/Animation/ControlRig/Content/Controls/ControlRig_Arrow2_solid.uexp" 380
"../../../Engine/Plugins/Animation/ControlRig/Content/Controls/ControlRig_Arrow2_3mm.ubulk" 381
"../../../Engine/Plugins/Animation/ControlRig/Content/Controls/ControlRig_Arrow2_3mm.uasset" 382
"../../../Engine/Plugins/Animation/ControlRig/Content/Controls/ControlRig_Arrow2_3mm.uexp" 383
"../../../Engine/Plugins/Animation/ControlRig/Content/Controls/ControlRig_Arrow2_1mm.ubulk" 384
"../../../Engine/Plugins/Animation/ControlRig/Content/Controls/ControlRig_Arrow2_1mm.uasset" 385
"../../../Engine/Plugins/Animation/ControlRig/Content/Controls/ControlRig_Arrow2_1mm.uexp" 386
"../../../Engine/Plugins/Animation/ControlRig/Content/Controls/ControlRigXRayMaterial.uasset" 387
"../../../Engine/Plugins/Animation/ControlRig/Content/Controls/ControlRigXRayMaterial.uexp" 388
"../../../Engine/Plugins/Animation/ControlRig/Content/Controls/ControlRigGizmoMaterial.uasset" 389
"../../../Engine/Plugins/Animation/ControlRig/Content/Controls/ControlRigGizmoMaterial.uexp" 390
"../../../Engine/Content/EngineSounds/Master.uasset" 391
"../../../Engine/Content/EngineSounds/Master.uexp" 392
"../../../Engine/Content/EngineMaterials/DefaultCalibrationGrayscale.uasset" 393
"../../../Engine/Content/EngineMaterials/DefaultCalibrationGrayscale.uexp" 394
"../../../Engine/Content/EngineMaterials/PPM_DefaultCalibrationGrayscale.uasset" 395
"../../../Engine/Content/EngineMaterials/PPM_DefaultCalibrationGrayscale.uexp" 396
"../../../Engine/Content/EngineMaterials/DefaultCalibrationColor.uasset" 397
"../../../Engine/Content/EngineMaterials/DefaultCalibrationColor.uexp" 398
"../../../Engine/Content/EngineMaterials/PPM_DefaultCalibrationColor.uasset" 399
"../../../Engine/Content/EngineMaterials/PPM_DefaultCalibrationColor.uexp" 400
"../../../Engine/Content/EngineMaterials/PhAT_JointLimitMaterial.uasset" 401
"../../../Engine/Content/EngineMaterials/PhAT_JointLimitMaterial.uexp" 402
"../../../Engine/Content/EngineMaterials/NaniteHiddenSectionMaterial.uasset" 403
"../../../Engine/Content/EngineMaterials/NaniteHiddenSectionMaterial.uexp" 404
"../../../Engine/Content/EngineMaterials/InvalidLightmapSettings.ubulk" 405
"../../../Engine/Content/EngineMaterials/InvalidLightmapSettings.uasset" 406
"../../../Engine/Content/EngineMaterials/InvalidLightmapSettings.uexp" 407
"../../../Engine/Content/EngineMaterials/M_InvalidLightmapSettings.uasset" 408
"../../../Engine/Content/EngineMaterials/M_InvalidLightmapSettings.uexp" 409
"../../../Engine/Content/EngineMaterials/GizmoMaterial.uasset" 410
"../../../Engine/Content/EngineMaterials/GizmoMaterial.uexp" 411
"../../../Engine/Content/EngineMaterials/BaseFlattenEmissiveMap_VT.uasset" 412
"../../../Engine/Content/EngineMaterials/BaseFlattenEmissiveMap_VT.uexp" 413
"../../../Engine/Content/EngineMaterials/BaseFlattenGrayscaleMap_VT.uasset" 414
"../../../Engine/Content/EngineMaterials/BaseFlattenGrayscaleMap_VT.uexp" 415
"../../../Engine/Content/EngineMaterials/BaseFlattenLinearColor_VT.uasset" 416
"../../../Engine/Content/EngineMaterials/BaseFlattenLinearColor_VT.uexp" 417
"../../../Engine/Content/EngineMaterials/Black_1x1_EXR_Texture_VT.uasset" 418
"../../../Engine/Content/EngineMaterials/Black_1x1_EXR_Texture_VT.uexp" 419
"../../../Engine/Content/EngineMaterials/BaseFlattenDiffuseMap_VT.uasset" 420
"../../../Engine/Content/EngineMaterials/BaseFlattenDiffuseMap_VT.uexp" 421
"../../../Engine/Content/EngineMaterials/BaseFlattenNormalMap_VT.uasset" 422
"../../../Engine/Content/EngineMaterials/BaseFlattenNormalMap_VT.uexp" 423
"../../../Engine/Content/EngineMaterials/FlattenMaterial_WS_Normal_VT.uasset" 424
"../../../Engine/Content/EngineMaterials/FlattenMaterial_WS_Normal_VT.uexp" 425
"../../../Engine/Content/EngineMaterials/FlattenMaterial_VT.uasset" 426
"../../../Engine/Content/EngineMaterials/FlattenMaterial_VT.uexp" 427
"../../../Engine/Content/EngineMaterials/BaseFlattenNormalMap.uasset" 428
"../../../Engine/Content/EngineMaterials/BaseFlattenNormalMap.uexp" 429
"../../../Engine/Content/EngineMaterials/BaseFlattenGrayscaleMap.uasset" 430
"../../../Engine/Content/EngineMaterials/BaseFlattenGrayscaleMap.uexp" 431
"../../../Engine/Content/EngineMaterials/BaseFlattenDiffuseMap.uasset" 432
"../../../Engine/Content/EngineMaterials/BaseFlattenDiffuseMap.uexp" 433
"../../../Engine/Content/Functions/Engine_MaterialFunctions02/PivotPainter2/Black_1x1_EXR_Texture.uasset" 434
"../../../Engine/Content/Functions/Engine_MaterialFunctions02/PivotPainter2/Black_1x1_EXR_Texture.uexp" 435
"../../../Engine/Content/EngineMaterials/BaseFlattenEmissiveMap.uasset" 436
"../../../Engine/Content/EngineMaterials/BaseFlattenEmissiveMap.uexp" 437
"../../../Engine/Content/EngineMaterials/BaseFlattenLinearColor.uasset" 438
"../../../Engine/Content/EngineMaterials/BaseFlattenLinearColor.uexp" 439
"../../../Engine/Content/EngineMaterials/FlattenMaterial.uasset" 440
"../../../Engine/Content/EngineMaterials/FlattenMaterial.uexp" 441
"../../../Engine/Content/EngineMaterials/DefaultWhiteGrid_Low.uasset" 442
"../../../Engine/Content/EngineMaterials/DefaultWhiteGrid_Low.uexp" 443
"../../../Engine/Content/EngineMaterials/EmissiveMeshMaterial.uasset" 444
"../../../Engine/Content/EngineMaterials/EmissiveMeshMaterial.uexp" 445
"../../../Engine/Content/EngineFonts/RobotoDistanceField.uasset" 446
"../../../Engine/Content/EngineFonts/RobotoDistanceField.uexp" 447
"../../../Engine/Content/EngineMaterials/DefaultTextMaterialOpaque.uasset" 448
"../../../Engine/Content/EngineMaterials/DefaultTextMaterialOpaque.uexp" 449
"../../../Engine/Content/EngineMaterials/DefaultDiffuse.ubulk" 450
"../../../Engine/Content/EngineMaterials/DefaultDiffuse.uasset" 451
"../../../Engine/Content/EngineMaterials/DefaultDiffuse.uexp" 452
"../../../Engine/Content/Functions/Engine_MaterialFunctions02/Utility/BreakOutFloat2Components.uasset" 453
"../../../Engine/Content/Functions/Engine_MaterialFunctions02/Utility/BreakOutFloat2Components.uexp" 454
"../../../Engine/Content/EngineMaterials/DefaultPostProcessMaterial.uasset" 455
"../../../Engine/Content/EngineMaterials/DefaultPostProcessMaterial.uexp" 456
"../../../Engine/Content/EngineMaterials/DefaultPhysicalMaterial.uasset" 457
"../../../Engine/Content/EngineMaterials/DefaultPhysicalMaterial.uexp" 458
"../../../Engine/Content/EngineMaterials/DefaultLightFunctionMaterial.uasset" 459
"../../../Engine/Content/EngineMaterials/DefaultLightFunctionMaterial.uexp" 460
"../../../Engine/Content/EngineMaterials/DefaultDestructiblePhysicalMaterial.uasset" 461
"../../../Engine/Content/EngineMaterials/DefaultDestructiblePhysicalMaterial.uexp" 462
"../../../Engine/Content/EngineMaterials/DefaultDeferredDecalMaterial.uasset" 463
"../../../Engine/Content/EngineMaterials/DefaultDeferredDecalMaterial.uexp" 464
"../../../Engine/Content/EngineMaterials/DefaultBloomKernel.uasset" 465
"../../../Engine/Content/EngineMaterials/DefaultBloomKernel.uexp" 466
"../../../Engine/Content/EngineFonts/Faces/RobotoLight.uexp" 467
"../../../Engine/Content/EngineFonts/Faces/RobotoLight.uasset" 468
"../../../Engine/Content/EngineFonts/Faces/RobotoLight.ufont" 469
"../../../Engine/Content/EngineFonts/Faces/RobotoBold.uexp" 470
"../../../Engine/Content/EngineFonts/Faces/RobotoBold.uasset" 471
"../../../Engine/Content/EngineFonts/Faces/RobotoBold.ufont" 472
"../../../Engine/Content/EngineFonts/Faces/RobotoRegular.uexp" 473
"../../../Engine/Content/EngineFonts/Faces/RobotoRegular.uasset" 474
"../../../Engine/Content/EngineFonts/Faces/RobotoRegular.ufont" 475
"../../../Engine/Content/EngineFonts/Faces/DroidSansFallback.uexp" 476
"../../../Engine/Content/EngineFonts/Faces/DroidSansFallback.uasset" 477
"../../../Engine/Content/EngineFonts/Faces/DroidSansFallback.ufont" 478
"../../../Engine/Content/EngineFonts/Faces/RobotoItalic.uexp" 479
"../../../Engine/Content/EngineFonts/Faces/RobotoItalic.uasset" 480
"../../../Engine/Content/EngineFonts/Faces/RobotoItalic.ufont" 481
"../../../Engine/Content/EngineFonts/Faces/RobotoBoldItalic.uexp" 482
"../../../Engine/Content/EngineFonts/Faces/RobotoBoldItalic.uasset" 483
"../../../Engine/Content/EngineFonts/Faces/RobotoBoldItalic.ufont" 484
"../../../Engine/Content/EngineFonts/Roboto.uasset" 485
"../../../Engine/Content/EngineFonts/Roboto.uexp" 486
"../../../Engine/Content/Functions/Engine_MaterialFunctions02/Utility/CameraDirectionVector.uasset" 487
"../../../Engine/Content/Functions/Engine_MaterialFunctions02/Utility/CameraDirectionVector.uexp" 488
"../../../Engine/Content/EngineDebugMaterials/VolumeToRender.uasset" 489
"../../../Engine/Content/EngineDebugMaterials/VolumeToRender.uexp" 490
"../../../Engine/Content/EngineDebugMaterials/M_VolumeRenderSphereTracePP.uasset" 491
"../../../Engine/Content/EngineDebugMaterials/M_VolumeRenderSphereTracePP.uexp" 492
"../../../Engine/Content/EngineDebugMaterials/M_SimpleUnlitTranslucent.uasset" 493
"../../../Engine/Content/EngineDebugMaterials/M_SimpleUnlitTranslucent.uexp" 494
"../../../Engine/Content/EngineDebugMaterials/DebugMeshMaterial.uasset" 495
"../../../Engine/Content/EngineDebugMaterials/DebugMeshMaterial.uexp" 496
"../../../Engine/Content/EngineDebugMaterials/DebugEditorMaterial.uasset" 497
"../../../Engine/Content/EngineDebugMaterials/DebugEditorMaterial.uexp" 498
"../../../Engine/Content/EngineDamageTypes/DmgTypeBP_Environmental.uasset" 499
"../../../Engine/Content/EngineDamageTypes/DmgTypeBP_Environmental.uexp" 500
"../../../Engine/Content/EditorResources/EmptyActor.uasset" 501
"../../../Engine/Content/EditorResources/EmptyActor.uexp" 502
"../../../Engine/Content/EditorResources/BSPVertex.uasset" 503
"../../../Engine/Content/EditorResources/BSPVertex.uexp" 504
"../../../Engine/Content/EditorMaterials/PreviewShadowIndicator.ubulk" 505
"../../../Engine/Content/EditorMaterials/PreviewShadowIndicator.uasset" 506
"../../../Engine/Content/EditorMaterials/PreviewShadowIndicator.uexp" 507
"../../../Engine/Content/EditorMaterials/PreviewShadowIndicatorMaterial.uasset" 508
"../../../Engine/Content/EditorMaterials/PreviewShadowIndicatorMaterial.uexp" 509
"../../../Engine/Content/EditorMaterials/PhAT_UnselectedMaterial.uasset" 510
"../../../Engine/Content/EditorMaterials/PhAT_UnselectedMaterial.uexp" 511
"../../../Engine/Content/EditorMaterials/PhAT_NoCollisionMaterial.uasset" 512
"../../../Engine/Content/EditorMaterials/PhAT_NoCollisionMaterial.uexp" 513
"../../../Engine/Content/EditorLandscapeResources/DefaultAlphaTexture.uasset" 514
"../../../Engine/Content/EditorLandscapeResources/DefaultAlphaTexture.uexp" 515
"../../../Engine/Content/EditorLandscapeResources/DataLayer.uasset" 516
"../../../Engine/Content/EditorLandscapeResources/DataLayer.uexp" 517
"../../../Engine/Content/BasicShapes/Cylinder.ubulk" 518
"../../../Engine/Content/BasicShapes/Cylinder.uasset" 519
"../../../Engine/Content/BasicShapes/Cylinder.uexp" 520
"../../../Engine/Content/BasicShapes/Cube.ubulk" 521
"../../../Engine/Content/BasicShapes/Cube.uasset" 522
"../../../Engine/Content/BasicShapes/Cube.uexp" 523
"../../../Engine/Content/BasicShapes/Cone.ubulk" 524
"../../../Engine/Content/BasicShapes/Cone.uasset" 525
"../../../Engine/Content/BasicShapes/Cone.uexp" 526
"../../../Engine/Content/MobileResources/HUD/VirtualJoystick_Background.uasset" 527
"../../../Engine/Content/MobileResources/HUD/VirtualJoystick_Background.uexp" 528
"../../../Engine/Content/MobileResources/HUD/VirtualJoystick_Thumb.uasset" 529
"../../../Engine/Content/MobileResources/HUD/VirtualJoystick_Thumb.uexp" 530
"../../../Engine/Content/MobileResources/HUD/DefaultVirtualJoysticks.uasset" 531
"../../../Engine/Content/MobileResources/HUD/DefaultVirtualJoysticks.uexp" 532
"../../../Engine/Content/Functions/Engine_MaterialFunctions01/Shading/PowerToRoughness.uasset" 533
"../../../Engine/Content/Functions/Engine_MaterialFunctions01/Shading/PowerToRoughness.uexp" 534
"../../../Engine/Content/Functions/Engine_MaterialFunctions01/Shading/ConvertFromDiffSpec.uasset" 535
"../../../Engine/Content/Functions/Engine_MaterialFunctions01/Shading/ConvertFromDiffSpec.uexp" 536
"../../../Engine/Content/EngineSky/VolumetricClouds/CloudWeatherTexture.uasset" 537
"../../../Engine/Content/EngineSky/VolumetricClouds/CloudWeatherTexture.uexp" 538
"../../../Engine/Content/Functions/Engine_MaterialFunctions02/Utility/MakeFloat2.uasset" 539
"../../../Engine/Content/Functions/Engine_MaterialFunctions02/Utility/MakeFloat2.uexp" 540
"../../../Engine/Content/EngineSky/VolumetricClouds/CloudGradientTexture.uasset" 541
"../../../Engine/Content/EngineSky/VolumetricClouds/CloudGradientTexture.uexp" 542
"../../../Engine/Content/EngineSky/VolumetricClouds/T_NoiseShape64.ubulk" 543
"../../../Engine/Content/EngineSky/VolumetricClouds/T_NoiseShape64.uasset" 544
"../../../Engine/Content/EngineSky/VolumetricClouds/T_NoiseShape64.uexp" 545
"../../../Engine/Content/EngineSky/VolumetricClouds/T_VolumeNoiseShape64.uasset" 546
"../../../Engine/Content/EngineSky/VolumetricClouds/T_VolumeNoiseShape64.uexp" 547
"../../../Engine/Content/EngineSky/VolumetricClouds/T_NoiseErosion.ubulk" 548
"../../../Engine/Content/EngineSky/VolumetricClouds/T_NoiseErosion.uasset" 549
"../../../Engine/Content/EngineSky/VolumetricClouds/T_NoiseErosion.uexp" 550
"../../../Engine/Content/EngineSky/VolumetricClouds/T_VolumeNoiseErosion32.uasset" 551
"../../../Engine/Content/EngineSky/VolumetricClouds/T_VolumeNoiseErosion32.uexp" 552
"../../../Engine/Content/EngineSky/VolumetricClouds/m_SimpleVolumetricCloud.uasset" 553
"../../../Engine/Content/EngineSky/VolumetricClouds/m_SimpleVolumetricCloud.uexp" 554
"../../../Engine/Content/EngineSky/VolumetricClouds/m_SimpleVolumetricCloud_Inst.uasset" 555
"../../../Engine/Content/EngineSky/VolumetricClouds/m_SimpleVolumetricCloud_Inst.uexp" 556
"../../../Engine/Content/EngineResources/FilmGrains/Marcie_Grain_v3_128_M2_000.uasset" 557
"../../../Engine/Content/EngineResources/FilmGrains/Marcie_Grain_v3_128_M2_000.uexp" 558
"../../../Engine/Content/EditorResources/SequenceRecorder/RecordingIndicator.uasset" 559
"../../../Engine/Content/EditorResources/SequenceRecorder/RecordingIndicator.uexp" 560
"../../../Engine/Content/EditorResources/SequenceRecorder/Countdown.uasset" 561
"../../../Engine/Content/EditorResources/SequenceRecorder/Countdown.uexp" 562
"C:/Users/Caleb/shoveljam/Snooze/Content/Audio/alarm.ubulk" 563
"C:/Users/Caleb/shoveljam/Snooze/Content/Audio/alarm.uasset" 564
"C:/Users/Caleb/shoveljam/Snooze/Content/Audio/alarm.uexp" 565
"../../../Engine/Content/EditorBlueprintResources/StandardMacros.uasset" 566
"../../../Engine/Content/EditorBlueprintResources/StandardMacros.uexp" 567
"C:/Users/Caleb/shoveljam/Snooze/Content/Blueprints/BP_GameInstance.uasset" 568
"C:/Users/Caleb/shoveljam/Snooze/Content/Blueprints/BP_GameInstance.uexp" 569
"C:/Users/Caleb/shoveljam/Snooze/Content/Parallax/M_ParallaxCloudMiddle.uasset" 570
"C:/Users/Caleb/shoveljam/Snooze/Content/Parallax/M_ParallaxCloudMiddle.uexp" 571
"C:/Users/Caleb/shoveljam/Snooze/Content/Parallax/MI_ParallaxCloudMiddle.uasset" 572
"C:/Users/Caleb/shoveljam/Snooze/Content/Parallax/MI_ParallaxCloudMiddle.uexp" 573
"C:/Users/Caleb/shoveljam/Snooze/Content/Input/Actions/IA_Jump.uasset" 574
"C:/Users/Caleb/shoveljam/Snooze/Content/Input/Actions/IA_Jump.uexp" 575
"C:/Users/Caleb/shoveljam/Snooze/Content/Parallax/M_ParallaxMoon.uasset" 576
"C:/Users/Caleb/shoveljam/Snooze/Content/Parallax/M_ParallaxMoon.uexp" 577
"C:/Users/Caleb/shoveljam/Snooze/Content/Parallax/MI_ParallaxMoon.uasset" 578
"C:/Users/Caleb/shoveljam/Snooze/Content/Parallax/MI_ParallaxMoon.uexp" 579
"C:/Users/Caleb/shoveljam/Snooze/Content/Input/Actions/IA_Move.uasset" 580
"C:/Users/Caleb/shoveljam/Snooze/Content/Input/Actions/IA_Move.uexp" 581
"C:/Users/Caleb/shoveljam/Snooze/Content/Input/IMC_Platformer.uasset" 582
"C:/Users/Caleb/shoveljam/Snooze/Content/Input/IMC_Platformer.uexp" 583
"C:/Users/Caleb/shoveljam/Snooze/Content/Audio/round_end.ubulk" 584
"C:/Users/Caleb/shoveljam/Snooze/Content/Audio/round_end.uasset" 585
"C:/Users/Caleb/shoveljam/Snooze/Content/Audio/round_end.uexp" 586
"C:/Users/Caleb/shoveljam/Snooze/Content/Font/ThaleahFat.uexp" 587
"C:/Users/Caleb/shoveljam/Snooze/Content/Font/ThaleahFat.uasset" 588
"C:/Users/Caleb/shoveljam/Snooze/Content/Font/ThaleahFat.ufont" 589
"C:/Users/Caleb/shoveljam/Snooze/Content/Font/ThaleahFat_Font.uasset" 590
"C:/Users/Caleb/shoveljam/Snooze/Content/Font/ThaleahFat_Font.uexp" 591
"C:/Users/Caleb/shoveljam/Snooze/Content/UI/WB_Win.uasset" 592
"C:/Users/Caleb/shoveljam/Snooze/Content/UI/WB_Win.uexp" 593
"C:/Users/Caleb/shoveljam/Snooze/Content/Audio/coin02.ubulk" 594
"C:/Users/Caleb/shoveljam/Snooze/Content/Audio/coin02.uasset" 595
"C:/Users/Caleb/shoveljam/Snooze/Content/Audio/coin02.uexp" 596
"C:/Users/Caleb/shoveljam/Snooze/Content/Parallax/M_ParallaxCloudBottom.uasset" 597
"C:/Users/Caleb/shoveljam/Snooze/Content/Parallax/M_ParallaxCloudBottom.uexp" 598
"C:/Users/Caleb/shoveljam/Snooze/Content/Parallax/MI_ParallaxCloudBottom.uasset" 599
"C:/Users/Caleb/shoveljam/Snooze/Content/Parallax/MI_ParallaxCloudBottom.uexp" 600
"C:/Users/Caleb/shoveljam/Snooze/Content/Audio/Background_Music.ubulk" 601
"C:/Users/Caleb/shoveljam/Snooze/Content/Audio/Background_Music.uasset" 602
"C:/Users/Caleb/shoveljam/Snooze/Content/Audio/Background_Music.uexp" 603
"C:/Users/Caleb/shoveljam/Snooze/Content/Parallax/M_ParallaxCloudTop.uasset" 604
"C:/Users/Caleb/shoveljam/Snooze/Content/Parallax/M_ParallaxCloudTop.uexp" 605
"C:/Users/Caleb/shoveljam/Snooze/Content/Parallax/MI_ParallaxCloudTop.uasset" 606
"C:/Users/Caleb/shoveljam/Snooze/Content/Parallax/MI_ParallaxCloudTop.uexp" 607
"C:/Users/Caleb/shoveljam/Snooze/Content/PaperAssets/Goal/burning_loop_1.uasset" 608
"C:/Users/Caleb/shoveljam/Snooze/Content/PaperAssets/Goal/burning_loop_1.uexp" 609
"C:/Users/Caleb/shoveljam/Snooze/Content/PaperAssets/Goal/burning_loop_1_Sprite_0.uasset" 610
"C:/Users/Caleb/shoveljam/Snooze/Content/PaperAssets/Goal/burning_loop_1_Sprite_0.uexp" 611
"C:/Users/Caleb/shoveljam/Snooze/Content/PaperAssets/Goal/burning_loop_1_Sprite_1.uasset" 612
"C:/Users/Caleb/shoveljam/Snooze/Content/PaperAssets/Goal/burning_loop_1_Sprite_1.uexp" 613
"C:/Users/Caleb/shoveljam/Snooze/Content/PaperAssets/Goal/burning_loop_1_Sprite_2.uasset" 614
"C:/Users/Caleb/shoveljam/Snooze/Content/PaperAssets/Goal/burning_loop_1_Sprite_2.uexp" 615
"C:/Users/Caleb/shoveljam/Snooze/Content/PaperAssets/Goal/burning_loop_1_Sprite_3.uasset" 616
"C:/Users/Caleb/shoveljam/Snooze/Content/PaperAssets/Goal/burning_loop_1_Sprite_3.uexp" 617
"C:/Users/Caleb/shoveljam/Snooze/Content/PaperAssets/Goal/burning_loop_1_Sprite_4.uasset" 618
"C:/Users/Caleb/shoveljam/Snooze/Content/PaperAssets/Goal/burning_loop_1_Sprite_4.uexp" 619
"C:/Users/Caleb/shoveljam/Snooze/Content/PaperAssets/Goal/burning_loop_1_Sprite_5.uasset" 620
"C:/Users/Caleb/shoveljam/Snooze/Content/PaperAssets/Goal/burning_loop_1_Sprite_5.uexp" 621
"C:/Users/Caleb/shoveljam/Snooze/Content/PaperAssets/Goal/burning_loop_1_Sprite_6.uasset" 622
"C:/Users/Caleb/shoveljam/Snooze/Content/PaperAssets/Goal/burning_loop_1_Sprite_6.uexp" 623
"C:/Users/Caleb/shoveljam/Snooze/Content/PaperAssets/Goal/burning_loop_1_Sprite_7.uasset" 624
"C:/Users/Caleb/shoveljam/Snooze/Content/PaperAssets/Goal/burning_loop_1_Sprite_7.uexp" 625
"C:/Users/Caleb/shoveljam/Snooze/Content/PaperAssets/Goal/FB_Goal.uasset" 626
"C:/Users/Caleb/shoveljam/Snooze/Content/PaperAssets/Goal/FB_Goal.uexp" 627
"C:/Users/Caleb/shoveljam/Snooze/Content/Blueprints/BP_Goal.uasset" 628
"C:/Users/Caleb/shoveljam/Snooze/Content/Blueprints/BP_Goal.uexp" 629
"C:/Users/Caleb/shoveljam/Snooze/Content/PaperAssets/Fire/burning_loop_1.uasset" 630
"C:/Users/Caleb/shoveljam/Snooze/Content/PaperAssets/Fire/burning_loop_1.uexp" 631
"C:/Users/Caleb/shoveljam/Snooze/Content/PaperAssets/Fire/burning_loop_1_Sprite_0.uasset" 632
"C:/Users/Caleb/shoveljam/Snooze/Content/PaperAssets/Fire/burning_loop_1_Sprite_0.uexp" 633
"C:/Users/Caleb/shoveljam/Snooze/Content/PaperAssets/Fire/burning_loop_1_Sprite_1.uasset" 634
"C:/Users/Caleb/shoveljam/Snooze/Content/PaperAssets/Fire/burning_loop_1_Sprite_1.uexp" 635
"C:/Users/Caleb/shoveljam/Snooze/Content/PaperAssets/Fire/burning_loop_1_Sprite_2.uasset" 636
"C:/Users/Caleb/shoveljam/Snooze/Content/PaperAssets/Fire/burning_loop_1_Sprite_2.uexp" 637
"C:/Users/Caleb/shoveljam/Snooze/Content/PaperAssets/Fire/burning_loop_1_Sprite_3.uasset" 638
"C:/Users/Caleb/shoveljam/Snooze/Content/PaperAssets/Fire/burning_loop_1_Sprite_3.uexp" 639
"C:/Users/Caleb/shoveljam/Snooze/Content/PaperAssets/Fire/burning_loop_1_Sprite_4.uasset" 640
"C:/Users/Caleb/shoveljam/Snooze/Content/PaperAssets/Fire/burning_loop_1_Sprite_4.uexp" 641
"C:/Users/Caleb/shoveljam/Snooze/Content/PaperAssets/Fire/burning_loop_1_Sprite_5.uasset" 642
"C:/Users/Caleb/shoveljam/Snooze/Content/PaperAssets/Fire/burning_loop_1_Sprite_5.uexp" 643
"C:/Users/Caleb/shoveljam/Snooze/Content/PaperAssets/Fire/burning_loop_1_Sprite_6.uasset" 644
"C:/Users/Caleb/shoveljam/Snooze/Content/PaperAssets/Fire/burning_loop_1_Sprite_6.uexp" 645
"C:/Users/Caleb/shoveljam/Snooze/Content/PaperAssets/Fire/burning_loop_1_Sprite_7.uasset" 646
"C:/Users/Caleb/shoveljam/Snooze/Content/PaperAssets/Fire/burning_loop_1_Sprite_7.uexp" 647
"C:/Users/Caleb/shoveljam/Snooze/Content/PaperAssets/Fire/FB_Fire.uasset" 648
"C:/Users/Caleb/shoveljam/Snooze/Content/PaperAssets/Fire/FB_Fire.uexp" 649
"C:/Users/Caleb/shoveljam/Snooze/Content/Blueprints/BP_Fire.uasset" 650
"C:/Users/Caleb/shoveljam/Snooze/Content/Blueprints/BP_Fire.uexp" 651
"C:/Users/Caleb/shoveljam/Snooze/Content/Audio/coin03.ubulk" 652
"C:/Users/Caleb/shoveljam/Snooze/Content/Audio/coin03.uasset" 653
"C:/Users/Caleb/shoveljam/Snooze/Content/Audio/coin03.uexp" 654
"../../../Engine/Plugins/2D/Paper2D/Content/PlaceholderTextures/FlatNormalMap.uasset" 655
"../../../Engine/Plugins/2D/Paper2D/Content/PlaceholderTextures/FlatNormalMap.uexp" 656
"../../../Engine/Plugins/2D/Paper2D/Content/DefaultLitSpriteMaterial.uasset" 657
"../../../Engine/Plugins/2D/Paper2D/Content/DefaultLitSpriteMaterial.uexp" 658
"../../../Engine/Plugins/2D/Paper2D/Content/MaskedLitSpriteMaterial.uasset" 659
"../../../Engine/Plugins/2D/Paper2D/Content/MaskedLitSpriteMaterial.uexp" 660
"C:/Users/Caleb/shoveljam/Snooze/Content/PaperAssets/Button/Snooze_Button.uasset" 661
"C:/Users/Caleb/shoveljam/Snooze/Content/PaperAssets/Button/Snooze_Button.uexp" 662
"C:/Users/Caleb/shoveljam/Snooze/Content/PaperAssets/Button/Snooze_Button_Sprite.uasset" 663
"C:/Users/Caleb/shoveljam/Snooze/Content/PaperAssets/Button/Snooze_Button_Sprite.uexp" 664
"C:/Users/Caleb/shoveljam/Snooze/Content/Blueprints/BP_Button.uasset" 665
"C:/Users/Caleb/shoveljam/Snooze/Content/Blueprints/BP_Button.uexp" 666
"C:/Users/Caleb/shoveljam/Snooze/Content/PaperAssets/Character/Character.uasset" 667
"C:/Users/Caleb/shoveljam/Snooze/Content/PaperAssets/Character/Character.uexp" 668
"C:/Users/Caleb/shoveljam/Snooze/Content/PaperAssets/Character/Character_Sprite_0.uasset" 669
"C:/Users/Caleb/shoveljam/Snooze/Content/PaperAssets/Character/Character_Sprite_0.uexp" 670
"C:/Users/Caleb/shoveljam/Snooze/Content/PaperAssets/Character/Character_Sprite_1.uasset" 671
"C:/Users/Caleb/shoveljam/Snooze/Content/PaperAssets/Character/Character_Sprite_1.uexp" 672
"C:/Users/Caleb/shoveljam/Snooze/Content/PaperAssets/Character/Character_Sprite_2.uasset" 673
"C:/Users/Caleb/shoveljam/Snooze/Content/PaperAssets/Character/Character_Sprite_2.uexp" 674
"C:/Users/Caleb/shoveljam/Snooze/Content/PaperAssets/Character/Character_Sprite_3.uasset" 675
"C:/Users/Caleb/shoveljam/Snooze/Content/PaperAssets/Character/Character_Sprite_3.uexp" 676
"C:/Users/Caleb/shoveljam/Snooze/Content/PaperAssets/Character/Character_Sprite_4.uasset" 677
"C:/Users/Caleb/shoveljam/Snooze/Content/PaperAssets/Character/Character_Sprite_4.uexp" 678
"C:/Users/Caleb/shoveljam/Snooze/Content/PaperAssets/Character/FB_Character_Idle.uasset" 679
"C:/Users/Caleb/shoveljam/Snooze/Content/PaperAssets/Character/FB_Character_Idle.uexp" 680
"C:/Users/Caleb/shoveljam/Snooze/Content/PaperAssets/Backgrounds/6.uasset" 681
"C:/Users/Caleb/shoveljam/Snooze/Content/PaperAssets/Backgrounds/6.uexp" 682
"C:/Users/Caleb/shoveljam/Snooze/Content/PaperAssets/Backgrounds/6_Sprite.uasset" 683
"C:/Users/Caleb/shoveljam/Snooze/Content/PaperAssets/Backgrounds/6_Sprite.uexp" 684
"C:/Users/Caleb/shoveljam/Snooze/Content/PaperAssets/Backgrounds/4.uasset" 685
"C:/Users/Caleb/shoveljam/Snooze/Content/PaperAssets/Backgrounds/4.uexp" 686
"C:/Users/Caleb/shoveljam/Snooze/Content/PaperAssets/Backgrounds/4_Sprite.uasset" 687
"C:/Users/Caleb/shoveljam/Snooze/Content/PaperAssets/Backgrounds/4_Sprite.uexp" 688
"C:/Users/Caleb/shoveljam/Snooze/Content/PaperAssets/Backgrounds/3.uasset" 689
"C:/Users/Caleb/shoveljam/Snooze/Content/PaperAssets/Backgrounds/3.uexp" 690
"C:/Users/Caleb/shoveljam/Snooze/Content/PaperAssets/Backgrounds/3_Sprite.uasset" 691
"C:/Users/Caleb/shoveljam/Snooze/Content/PaperAssets/Backgrounds/3_Sprite.uexp" 692
"C:/Users/Caleb/shoveljam/Snooze/Content/PaperAssets/Backgrounds/2.uasset" 693
"C:/Users/Caleb/shoveljam/Snooze/Content/PaperAssets/Backgrounds/2.uexp" 694
"C:/Users/Caleb/shoveljam/Snooze/Content/PaperAssets/Backgrounds/2_Sprite.uasset" 695
"C:/Users/Caleb/shoveljam/Snooze/Content/PaperAssets/Backgrounds/2_Sprite.uexp" 696
"C:/Users/Caleb/shoveljam/Snooze/Content/PaperAssets/Backgrounds/1.uasset" 697
"C:/Users/Caleb/shoveljam/Snooze/Content/PaperAssets/Backgrounds/1.uexp" 698
"C:/Users/Caleb/shoveljam/Snooze/Content/PaperAssets/Backgrounds/1_Sprite.uasset" 699
"C:/Users/Caleb/shoveljam/Snooze/Content/PaperAssets/Backgrounds/1_Sprite.uexp" 700
"C:/Users/Caleb/shoveljam/Snooze/Content/Blueprints/Character/AS_Character.uasset" 701
"C:/Users/Caleb/shoveljam/Snooze/Content/Blueprints/Character/AS_Character.uexp" 702
"C:/Users/Caleb/shoveljam/Snooze/Content/Audio/Steps/Steps-3.ubulk" 703
"C:/Users/Caleb/shoveljam/Snooze/Content/Audio/Steps/Steps-3.uasset" 704
"C:/Users/Caleb/shoveljam/Snooze/Content/Audio/Steps/Steps-3.uexp" 705
"C:/Users/Caleb/shoveljam/Snooze/Content/Audio/Steps/Steps-4.ubulk" 706
"C:/Users/Caleb/shoveljam/Snooze/Content/Audio/Steps/Steps-4.uasset" 707
"C:/Users/Caleb/shoveljam/Snooze/Content/Audio/Steps/Steps-4.uexp" 708
"C:/Users/Caleb/shoveljam/Snooze/Content/Audio/Steps/Steps-5.ubulk" 709
"C:/Users/Caleb/shoveljam/Snooze/Content/Audio/Steps/Steps-5.uasset" 710
"C:/Users/Caleb/shoveljam/Snooze/Content/Audio/Steps/Steps-5.uexp" 711
"C:/Users/Caleb/shoveljam/Snooze/Content/Audio/Steps/Steps-2.ubulk" 712
"C:/Users/Caleb/shoveljam/Snooze/Content/Audio/Steps/Steps-2.uasset" 713
"C:/Users/Caleb/shoveljam/Snooze/Content/Audio/Steps/Steps-2.uexp" 714
"C:/Users/Caleb/shoveljam/Snooze/Content/Audio/Steps/Steps-6.ubulk" 715
"C:/Users/Caleb/shoveljam/Snooze/Content/Audio/Steps/Steps-6.uasset" 716
"C:/Users/Caleb/shoveljam/Snooze/Content/Audio/Steps/Steps-6.uexp" 717
"C:/Users/Caleb/shoveljam/Snooze/Content/Audio/Steps/Steps-1.ubulk" 718
"C:/Users/Caleb/shoveljam/Snooze/Content/Audio/Steps/Steps-1.uasset" 719
"C:/Users/Caleb/shoveljam/Snooze/Content/Audio/Steps/Steps-1.uexp" 720
"C:/Users/Caleb/shoveljam/Snooze/Content/Audio/Steps/Steps_Cue.uasset" 721
"C:/Users/Caleb/shoveljam/Snooze/Content/Audio/Steps/Steps_Cue.uexp" 722
"C:/Users/Caleb/shoveljam/Snooze/Content/PaperAssets/Character/Character_Sprite_18.uasset" 723
"C:/Users/Caleb/shoveljam/Snooze/Content/PaperAssets/Character/Character_Sprite_18.uexp" 724
"C:/Users/Caleb/shoveljam/Snooze/Content/PaperAssets/Character/Character_Sprite_19.uasset" 725
"C:/Users/Caleb/shoveljam/Snooze/Content/PaperAssets/Character/Character_Sprite_19.uexp" 726
"C:/Users/Caleb/shoveljam/Snooze/Content/PaperAssets/Character/Character_Sprite_20.uasset" 727
"C:/Users/Caleb/shoveljam/Snooze/Content/PaperAssets/Character/Character_Sprite_20.uexp" 728
"C:/Users/Caleb/shoveljam/Snooze/Content/PaperAssets/Character/Character_Sprite_21.uasset" 729
"C:/Users/Caleb/shoveljam/Snooze/Content/PaperAssets/Character/Character_Sprite_21.uexp" 730
"C:/Users/Caleb/shoveljam/Snooze/Content/PaperAssets/Character/Character_Sprite_22.uasset" 731
"C:/Users/Caleb/shoveljam/Snooze/Content/PaperAssets/Character/Character_Sprite_22.uexp" 732
"C:/Users/Caleb/shoveljam/Snooze/Content/PaperAssets/Character/Character_Sprite_23.uasset" 733
"C:/Users/Caleb/shoveljam/Snooze/Content/PaperAssets/Character/Character_Sprite_23.uexp" 734
"C:/Users/Caleb/shoveljam/Snooze/Content/PaperAssets/Character/FB_Character_Run.uasset" 735
"C:/Users/Caleb/shoveljam/Snooze/Content/PaperAssets/Character/FB_Character_Run.uexp" 736
"C:/Users/Caleb/shoveljam/Snooze/Content/Blueprints/Character/AnimSequences/Run.uasset" 737
"C:/Users/Caleb/shoveljam/Snooze/Content/Blueprints/Character/AnimSequences/Run.uexp" 738
"C:/Users/Caleb/shoveljam/Snooze/Content/PaperAssets/Character/Character_Sprite_Jump_Rise.uasset" 739
"C:/Users/Caleb/shoveljam/Snooze/Content/PaperAssets/Character/Character_Sprite_Jump_Rise.uexp" 740
"C:/Users/Caleb/shoveljam/Snooze/Content/PaperAssets/Character/FB_Character_Jump_Rise.uasset" 741
"C:/Users/Caleb/shoveljam/Snooze/Content/PaperAssets/Character/FB_Character_Jump_Rise.uexp" 742
"C:/Users/Caleb/shoveljam/Snooze/Content/Blueprints/Character/AnimSequences/JumpRise.uasset" 743
"C:/Users/Caleb/shoveljam/Snooze/Content/Blueprints/Character/AnimSequences/JumpRise.uexp" 744
"C:/Users/Caleb/shoveljam/Snooze/Content/Blueprints/Character/AnimSequences/Idle.uasset" 745
"C:/Users/Caleb/shoveljam/Snooze/Content/Blueprints/Character/AnimSequences/Idle.uexp" 746
"C:/Users/Caleb/shoveljam/Snooze/Content/PaperAssets/Character/Character_Sprite_Jump_Fall.uasset" 747
"C:/Users/Caleb/shoveljam/Snooze/Content/PaperAssets/Character/Character_Sprite_Jump_Fall.uexp" 748
"C:/Users/Caleb/shoveljam/Snooze/Content/PaperAssets/Character/FB_Character_Jump_Fall.uasset" 749
"C:/Users/Caleb/shoveljam/Snooze/Content/PaperAssets/Character/FB_Character_Jump_Fall.uexp" 750
"C:/Users/Caleb/shoveljam/Snooze/Content/Blueprints/Character/AnimSequences/Fall.uasset" 751
"C:/Users/Caleb/shoveljam/Snooze/Content/Blueprints/Character/AnimSequences/Fall.uexp" 752
"C:/Users/Caleb/shoveljam/Snooze/Content/Blueprints/Character/ABP_Character.uasset" 753
"C:/Users/Caleb/shoveljam/Snooze/Content/Blueprints/Character/ABP_Character.uexp" 754
"C:/Users/Caleb/shoveljam/Snooze/Content/Blueprints/Character/BP_Character.uasset" 755
"C:/Users/Caleb/shoveljam/Snooze/Content/Blueprints/Character/BP_Character.uexp" 756
"C:/Users/Caleb/shoveljam/Snooze/Content/Audio/Alarm_Beep.ubulk" 757
"C:/Users/Caleb/shoveljam/Snooze/Content/Audio/Alarm_Beep.uasset" 758
"C:/Users/Caleb/shoveljam/Snooze/Content/Audio/Alarm_Beep.uexp" 759
"C:/Users/Caleb/shoveljam/Snooze/Content/UI/WB_Timer.uasset" 760
"C:/Users/Caleb/shoveljam/Snooze/Content/UI/WB_Timer.uexp" 761
"C:/Users/Caleb/shoveljam/Snooze/Content/Blueprints/BP_PlayerController.uasset" 762
"C:/Users/Caleb/shoveljam/Snooze/Content/Blueprints/BP_PlayerController.uexp" 763
"C:/Users/Caleb/shoveljam/Snooze/Content/UI/WB_GameOver.uasset" 764
"C:/Users/Caleb/shoveljam/Snooze/Content/UI/WB_GameOver.uexp" 765
"C:/Users/Caleb/shoveljam/Snooze/Content/Blueprints/GM_Platformer.uasset" 766
"C:/Users/Caleb/shoveljam/Snooze/Content/Blueprints/GM_Platformer.uexp" 767
"C:/Users/Caleb/shoveljam/Snooze/Content/Blueprints/BP_Text.uasset" 768
"C:/Users/Caleb/shoveljam/Snooze/Content/Blueprints/BP_Text.uexp" 769
"C:/Users/Caleb/shoveljam/Snooze/Content/Maps/MAP_Game_BuiltData.uasset" 770
"C:/Users/Caleb/shoveljam/Snooze/Content/Maps/MAP_Game_BuiltData.uexp" 771
"C:/Users/Caleb/shoveljam/Snooze/Content/PaperAssets/Backgrounds/5.uasset" 772
"C:/Users/Caleb/shoveljam/Snooze/Content/PaperAssets/Backgrounds/5.uexp" 773
"../../../Engine/Plugins/2D/Paper2D/Content/TranslucentUnlitSpriteMaterial.uasset" 774
"../../../Engine/Plugins/2D/Paper2D/Content/TranslucentUnlitSpriteMaterial.uexp" 775
"C:/Users/Caleb/shoveljam/Snooze/Content/PaperAssets/Backgrounds/5_Sprite.uasset" 776
"C:/Users/Caleb/shoveljam/Snooze/Content/PaperAssets/Backgrounds/5_Sprite.uexp" 777
"C:/Users/Caleb/shoveljam/Snooze/Content/Blueprints/BP_CloudFront.uasset" 778
"C:/Users/Caleb/shoveljam/Snooze/Content/Blueprints/BP_CloudFront.uexp" 779
"C:/Users/Caleb/shoveljam/Snooze/Content/PaperAssets/TileSets/TilesetPadded.ubulk" 780
"C:/Users/Caleb/shoveljam/Snooze/Content/PaperAssets/TileSets/TilesetPadded.uasset" 781
"C:/Users/Caleb/shoveljam/Snooze/Content/PaperAssets/TileSets/TilesetPadded.uexp" 782
"C:/Users/Caleb/shoveljam/Snooze/Content/PaperAssets/TileSets/Tileset_TileSet.uasset" 783
"C:/Users/Caleb/shoveljam/Snooze/Content/PaperAssets/TileSets/Tileset_TileSet.uexp" 784
"C:/Users/Caleb/shoveljam/Snooze/Content/PaperAssets/TileSets/Tileset_TileMap.uasset" 785
"C:/Users/Caleb/shoveljam/Snooze/Content/PaperAssets/TileSets/Tileset_TileMap.uexp" 786
"C:/Users/Caleb/shoveljam/Snooze/Content/Maps/MAP_Game.uexp" 787
"C:/Users/Caleb/shoveljam/Snooze/Content/Maps/MAP_Game.umap" 788
"../../../Engine/Content/Maps/Entry_BuiltData.uasset" 789
"../../../Engine/Content/Maps/Entry_BuiltData.uexp" 790
"../../../Engine/Content/Maps/Entry.uexp" 791
"../../../Engine/Content/Maps/Entry.umap" 792
